2023-12-26T00:07:57+00:00 Use of undefined constant tutor_single_financing_options - assumed 'tutor_single_financing_options' (this will throw an Error in a future version of PHP)
2023-12-26T00:07:57+00:00 El fragmento "Opciones de financiación de cursos" (#12501) se ha desactivado automáticamente debido a un error fatal.
2023-12-26T00:09:31+00:00 Use of undefined constant tutor_single_financing_options - assumed 'tutor_single_financing_options' (this will throw an Error in a future version of PHP)
2023-12-26T00:09:31+00:00 El fragmento "Opciones de financiación de cursos" (#12501) se ha desactivado automáticamente debido a un error fatal.
2023-12-26T00:48:53+00:00 Uncaught Error: Call to a member function get_regular_price() on bool in /home/u969791460/domains/idaclassacademy.com/public_html/wp-content/plugins/wpcode-premium/includes/class-wpcode-snippet-execute.php(277) : eval()'d code:2
Stack trace:
#0 /home/u969791460/domains/idaclassacademy.com/public_html/wp-content/plugins/wpcode-premium/includes/class-wpcode-snippet-execute.php(277) : eval()'d code(21): tutor_financing_options(false)
#1 /home/u969791460/domains/idaclassacademy.com/public_html/wp-includes/class-wp-hook.php(308): tutor_loop_financing_options('\t\n<div class="l...')
#2 /home/u969791460/domains/idaclassacademy.com/public_html/wp-includes/plugin.php(205): WP_Hook->apply_filters('\t\n<div class="l...', Array)
#3 /home/u969791460/domains/idaclassacademy.com/public_html/wp-content/plugins/tutor/includes/tutor-template-functions.php(653): apply_filters('tutor_course_lo...', '\t\n<div class="l...')
#4 /home/u969791460/domains/idaclassacademy.com/public_html/wp-content/plugins/tutor/templates/dashboard/enr
2023-12-26T00:48:53+00:00 El fragmento "Opciones de financiación de cursos" (#12501) se ha desactivado automáticamente debido a un error fatal.
2023-12-26T19:19:41+00:00 Uncaught Error: Call to a member function get_cart() on null in /home/u969791460/domains/idaclassacademy.com/public_html/wp-content/plugins/wpcode-premium/includes/class-wpcode-snippet-execute.php(277) : eval()'d code:3
Stack trace:
#0 /home/u969791460/domains/idaclassacademy.com/public_html/wp-content/plugins/wpcode-premium/includes/class-wpcode-snippet-execute.php(277) : eval()'d code(26): get_cart_content_as_text()
#1 /home/u969791460/domains/idaclassacademy.com/public_html/wp-content/plugins/contact-form-7/includes/form-tags-manager.php(551): cf7_cart_content_handler(Object(WPCF7_FormTag))
#2 /home/u969791460/domains/idaclassacademy.com/public_html/wp-content/plugins/contact-form-7/includes/form-tags-manager.php(460): WPCF7_FormTagsManager->scan_callback(Array, true)
#3 [internal function]: WPCF7_FormTagsManager->replace_callback(Array)
#4 /home/u969791460/domains/idaclassacademy.com/public_html/wp-content/plugins/contact-form-7/includes/form-tags-manager.php(356): preg_replace_callback('/(\\[?)\\[(cart_c
2023-12-26T19:19:41+00:00 El fragmento "Opciones de financiación de cursos" (#12501) se ha desactivado automáticamente debido a un error fatal.
2023-12-26T19:19:44+00:00 Uncaught Error: Call to a member function get_cart() on null in /home/u969791460/domains/idaclassacademy.com/public_html/wp-content/plugins/wpcode-premium/includes/class-wpcode-snippet-execute.php(277) : eval()'d code:3
Stack trace:
#0 /home/u969791460/domains/idaclassacademy.com/public_html/wp-content/plugins/wpcode-premium/includes/class-wpcode-snippet-execute.php(277) : eval()'d code(26): get_cart_content_as_text()
#1 /home/u969791460/domains/idaclassacademy.com/public_html/wp-content/plugins/contact-form-7/includes/form-tags-manager.php(551): cf7_cart_content_handler(Object(WPCF7_FormTag))
#2 /home/u969791460/domains/idaclassacademy.com/public_html/wp-content/plugins/contact-form-7/includes/form-tags-manager.php(460): WPCF7_FormTagsManager->scan_callback(Array, true)
#3 [internal function]: WPCF7_FormTagsManager->replace_callback(Array)
#4 /home/u969791460/domains/idaclassacademy.com/public_html/wp-content/plugins/contact-form-7/includes/form-tags-manager.php(356): preg_replace_callback('/(\\[?)\\[(cart_c
2023-12-26T19:19:44+00:00 El fragmento "Añadir carrito de Woocommerce a Contact Form 7" (#12515) se ha desactivado automáticamente debido a un error fatal.
